<?xml version="1.0" encoding="UTF-8"?>
<!-- Generated by org.testng.reporters.JUnitReportReporter -->
<testsuite skipped="0" hostname="DESKTOP-CS238HQ" name="uitesting.Popularlinktest" tests="3" failures="0" timestamp="2020-11-15T17:24:54 GMT" time="37.053" errors="0">
  <testcase name="atablet" time="14.124" classname="uitesting.Popularlinktest"/>
  <system-out/>
  <testcase name="laptop" time="11.745" classname="uitesting.Popularlinktest"/>
  <system-out/>
  <testcase name="spkr" time="11.184" classname="uitesting.Popularlinktest"/>
  <system-out/>
</testsuite> <!-- uitesting.Popularlinktest -->
