<?xml version="1.0" encoding="UTF-8"?>
<!-- Generated by org.testng.reporters.JUnitReportReporter -->
<testsuite skipped="0" hostname="DESKTOP-CS238HQ" name="ecommerce.advshp.AppTest" tests="1" failures="0" timestamp="2020-11-15T17:20:34 GMT" time="0.008" errors="0">
  <testcase name="shouldAnswerWithTrue" time="0.008" classname="ecommerce.advshp.AppTest"/>
  <system-out/>
</testsuite> <!-- ecommerce.advshp.AppTest -->
